Log: 2022-12-07 16:10:46.923159 
	 Mac Address: 0e:19:f8:28:02:64 
	 Name in network:  
	 Given name: None 
	 Allowed on network: None
Log: 2022-12-07 16:10:46.923252 
	 Mac Address: 38:f9:d3:78:32:0a 
	 Name in network:  
	 Given name: None 
	 Allowed on network: None
Log: 2022-12-07 16:10:46.923264 
	 Mac Address: e4:fd:a1:a0:00:94 
	 Name in network:  
	 Given name: None 
	 Allowed on network: None
Log: 2022-12-07 16:10:46.923274 
	 Mac Address: 4a:a2:e0:e8:19:3f 
	 Name in network:  
	 Given name: None 
	 Allowed on network: None
Log: 2022-12-07 16:14:20.480291 
	 Mac Address: 0e:19:f8:28:02:64 
	 Name in network:  
	 Given name: None 
	 Allowed on network: None
Log: 2022-12-07 16:14:20.480334 
	 Mac Address: 38:f9:d3:78:32:0a 
	 Name in network:  
	 Given name: None 
	 Allowed on network: None
Log: 2022-12-07 16:14:20.480346 
	 Mac Address: e4:fd:a1:a0:00:94 
	 Name in network:  
	 Given name: None 
	 Allowed on network: None
Log: 2022-12-07 16:14:20.480355 
	 Mac Address: 4a:a2:e0:e8:19:3f 
	 Name in network:  
	 Given name: None 
	 Allowed on network: None
Log: 2022-12-07 16:15:39.019168 
	 Mac Address: 0e:19:f8:28:02:64 
	 Name in network:  
	 Given name: None 
	 Allowed on network: None
Log: 2022-12-07 16:15:39.019210 
	 Mac Address: 38:f9:d3:78:32:0a 
	 Name in network:  
	 Given name: None 
	 Allowed on network: None
Log: 2022-12-07 16:15:39.019224 
	 Mac Address: e4:fd:a1:a0:00:94 
	 Name in network:  
	 Given name: None 
	 Allowed on network: None
Log: 2022-12-07 16:15:39.019233 
	 Mac Address: 4a:a2:e0:e8:19:3f 
	 Name in network:  
	 Given name: None 
	 Allowed on network: None
